st70-9.csp2  282  0.597916 
eil51-7.csp2  187  0.198632 
kroC100-11.csp2  8988  2.31298 
st70-11.csp2  253  0.510225 
eil76-11.csp2  197  0.867488 
kroA100-11.csp2  10075  2.943158 
rd100-11.csp2  3154  1.787631 
st70-7.csp2  304  0.451318 
kroB150-11.csp2  11369  10.861059 
kroA200-7.csp2  16832  72.976705 
rat99-7.csp2  556  6.117559 
rat99-9.csp2  531  3.487392 
kroA200-11.csp2  13712  20.681246 
pr76-9.csp2  50189  1.320248 
kroD100-9.csp2  9647  3.66592 
eil76-7.csp2  273  0.885325 
berlin52-7.csp2  4021  0.381629 
kroB200-11.csp2  13788  31.32945 
eil51-11.csp2  167  0.133467 
eil76-9.csp2  206  1.173693 
kroA100-9.csp2  10217  3.738483 
kroC100-9.csp2  9238  2.865627 
eil51-9.csp2  192  0.169264 
kroA100-7.csp2  10970  5.375649 
kroB200-7.csp2  15700  51.318526 
rat99-11.csp2  473  5.285775 
kroB100-7.csp2  10762  4.955419 
kroA150-11.csp2  10399  12.239075 
kroB150-7.csp2  12503  20.098783 
kroE100-7.csp2  12042  1.53778 
kroA150-9.csp2  12558  16.628366 
kroB100-11.csp2  9811  4.115519 
kroB100-9.csp2  10529  2.098817 
rd100-7.csp2  4703  4.552726 
rd100-9.csp2  4090  2.184008 
kroB200-9.csp2  12756  34.923073 
berlin52-9.csp2  3742  0.215866 
kroC100-7.csp2  9874  5.105272 
kroD100-11.csp2  10309  2.72215 
berlin52-11.csp2  3262  0.231813 
kroA200-9.csp2  14728  48.124256 
pr76-7.csp2  65549  1.949053 
kroE100-11.csp2  9244  1.948168 
kroE100-9.csp2  9885  1.824552 
pr76-11.csp2  47178  0.814918 
kroB150-9.csp2  11812  17.991144 
kroD100-7.csp2  11232  4.99239 
kroA150-7.csp2  13548  13.460145 
