st70-9.csp2  289  0.509435 
eil51-7.csp2  186  0.256197 
kroC100-11.csp2  8993  2.642929 
st70-11.csp2  247  0.374363 
eil76-11.csp2  216  0.637655 
kroA100-11.csp2  9877  2.10374 
rd100-11.csp2  3158  1.812303 
st70-7.csp2  319  1.323545 
kroB150-11.csp2  10598  13.549356 
kroA200-7.csp2  16988  36.134537 
rat99-7.csp2  505  6.215825 
rat99-9.csp2  462  4.284211 
kroA200-11.csp2  12702  30.395219 
pr76-9.csp2  50373  2.023742 
kroD100-9.csp2  9755  1.446832 
eil76-7.csp2  263  2.304207 
berlin52-7.csp2  4092  0.34851 
kroB200-11.csp2  12296  27.998012 
eil51-11.csp2  154  0.174477 
eil76-9.csp2  217  0.752169 
kroA100-9.csp2  9611  3.783247 
kroC100-9.csp2  9238  2.935866 
eil51-9.csp2  174  0.255309 
kroA100-7.csp2  10602  3.217203 
kroB200-7.csp2  14452  41.12555 
rat99-11.csp2  451  3.077919 
kroB100-7.csp2  9794  4.724449 
kroA150-11.csp2  9938  13.816191 
kroB150-7.csp2  13357  19.661691 
kroE100-7.csp2  10985  4.040415 
kroA150-9.csp2  10963  11.664496 
kroB100-11.csp2  8875  1.543527 
kroB100-9.csp2  9682  2.108911 
rd100-7.csp2  3572  4.248901 
rd100-9.csp2  3840  2.928961 
kroB200-9.csp2  16469  50.170659 
berlin52-9.csp2  3458  0.358863 
kroC100-7.csp2  11429  3.795915 
kroD100-11.csp2  9588  1.6041 
berlin52-11.csp2  3471  0.124495 
kroA200-9.csp2  13546  53.700936 
pr76-7.csp2  51754  2.016834 
kroE100-11.csp2  8555  1.957637 
kroE100-9.csp2  9234  1.228355 
pr76-11.csp2  47178  0.913824 
kroB150-9.csp2  12201  13.769234 
kroD100-7.csp2  11165  4.832657 
kroA150-7.csp2  12551  15.659239 
