st70-9.csp2  286  2.005 
eil51-7.csp2  183  0.859301 
kroC100-11.csp2  9751  8.097704 
st70-11.csp2  247  1.232566 
eil76-11.csp2  211  1.61641 
kroA100-11.csp2  9592  7.369007 
rd100-11.csp2  3077  8.33415 
st70-7.csp2  308  3.804557 
kroB150-11.csp2  10092  41.109362 
kroA200-7.csp2  16605  227.837834 
rat99-7.csp2  552  14.651685 
rat99-9.csp2  486  11.057263 
kroA200-11.csp2  13772  121.750388 
pr76-9.csp2  46477  4.395476 
kroD100-9.csp2  9233  10.013373 
eil76-7.csp2  233  4.919603 
berlin52-7.csp2  4069  1.497079 
kroB200-11.csp2  12806  125.024434 
eil51-11.csp2  153  0.487423 
eil76-9.csp2  193  2.394621 
kroA100-9.csp2  9429  9.82753 
kroC100-9.csp2  9483  9.157414 
eil51-9.csp2  184  1.066841 
kroA100-7.csp2  11071  15.906126 
kroB200-7.csp2  15041  160.121562 
rat99-11.csp2  463  4.777096 
kroB100-7.csp2  9929  13.00569 
kroA150-11.csp2  11223  32.607266 
kroB150-7.csp2  13133  65.736293 
kroE100-7.csp2  11932  11.762332 
kroA150-9.csp2  11462  51.034286 
kroB100-11.csp2  9238  8.182827 
kroB100-9.csp2  9670  12.379404 
rd100-7.csp2  4440  13.773606 
rd100-9.csp2  3363  10.6451 
kroB200-9.csp2  16363  164.989219 
berlin52-9.csp2  3539  1.200674 
kroC100-7.csp2  10141  13.059653 
kroD100-11.csp2  9588  5.828478 
berlin52-11.csp2  3269  0.862216 
kroA200-9.csp2  14338  158.224813 
pr76-7.csp2  54683  5.472837 
kroE100-11.csp2  8760  7.825271 
kroE100-9.csp2  9152  10.615995 
pr76-11.csp2  43028  4.601463 
kroB150-9.csp2  12343  53.100094 
kroD100-7.csp2  10398  16.061209 
kroA150-7.csp2  12384  69.659177 
