st70-9.csp2  286  19.032783 
eil51-7.csp2  183  6.053509 
kroC100-11.csp2  9751  36.158304 
st70-11.csp2  247  14.969205 
eil76-11.csp2  211  18.025794 
kroA100-11.csp2  9592  56.781275 
rd100-11.csp2  3077  57.074902 
st70-7.csp2  308  25.504648 
kroB150-11.csp2  10092  178.941175 
kroA200-7.csp2  16605  710.067619 
rat99-7.csp2  552  103.402862 
rat99-9.csp2  486  89.975887 
kroA200-11.csp2  13772  576.84025 
pr76-9.csp2  46477  67.272554 
kroD100-9.csp2  9233  41.807318 
eil76-7.csp2  233  29.708138 
berlin52-7.csp2  4069  17.035674 
kroB200-11.csp2  12806  342.857143 
eil51-11.csp2  153  5.492765 
eil76-9.csp2  193  19.72782 
kroA100-9.csp2  9429  67.916678 
kroC100-9.csp2  9483  63.234791 
eil51-9.csp2  184  13.138972 
kroA100-7.csp2  11071  50.275806 
kroB200-7.csp2  15041  886.116866 
rat99-11.csp2  463  92.531318 
kroB100-7.csp2  9929  63.300022 
kroA150-11.csp2  11223  128.927285 
kroB150-7.csp2  13133  313.035124 
kroE100-7.csp2  11932  65.706461 
kroA150-9.csp2  11462  251.012636 
kroB100-11.csp2  9238  44.049112 
kroB100-9.csp2  9670  57.181126 
rd100-7.csp2  4440  70.424973 
rd100-9.csp2  3363  69.92198 
kroB200-9.csp2  16363  682.083214 
berlin52-9.csp2  3539  11.967672 
kroC100-7.csp2  10141  59.148652 
kroD100-11.csp2  9588  29.344178 
berlin52-11.csp2  3269  14.150235 
kroA200-9.csp2  14338  594.871885 
pr76-7.csp2  54683  61.303573 
kroE100-11.csp2  8760  35.639489 
kroE100-9.csp2  9152  48.311322 
pr76-11.csp2  43028  71.046526 
kroB150-9.csp2  12343  292.045345 
kroD100-7.csp2  10398  80.812444 
kroA150-7.csp2  12384  359.078138 
