st70-9.csp2  286  3.760426 
eil51-7.csp2  183  2.361984 
kroC100-11.csp2  9232  8.96494 
st70-11.csp2  253  3.810876 
eil76-11.csp2  217  5.04776 
kroA100-11.csp2  9745  8.773962 
rd100-11.csp2  3154  9.731486 
st70-7.csp2  292  5.49624 
kroB150-11.csp2  10327  40.937212 
kroA200-7.csp2  16605  153.334836 
rat99-7.csp2  530  12.620047 
rat99-9.csp2  531  11.303258 
kroA200-11.csp2  13601  114.004974 
pr76-9.csp2  46477  5.758765 
kroD100-9.csp2  9238  11.894243 
eil76-7.csp2  233  7.399889 
berlin52-7.csp2  4071  2.585724 
kroB200-11.csp2  12000  90.50422 
eil51-11.csp2  153  1.320967 
eil76-9.csp2  193  6.730271 
kroA100-9.csp2  9494  10.102983 
kroC100-9.csp2  9583  9.934192 
eil51-9.csp2  166  1.779994 
kroA100-7.csp2  11033  15.975655 
kroB200-7.csp2  14549  146.439525 
rat99-11.csp2  463  6.46786 
kroB100-7.csp2  9941  10.62333 
kroA150-11.csp2  10551  25.287408 
kroB150-7.csp2  13307  42.169517 
kroE100-7.csp2  11106  10.996878 
kroA150-9.csp2  11991  33.530728 
kroB100-11.csp2  8872  7.21271 
kroB100-9.csp2  9678  8.794693 
rd100-7.csp2  3753  11.645257 
rd100-9.csp2  3346  9.778581 
kroB200-9.csp2  16462  94.979134 
berlin52-9.csp2  3689  1.427342 
kroC100-7.csp2  10162  10.436355 
kroD100-11.csp2  9792  5.438373 
berlin52-11.csp2  3262  0.937781 
kroA200-9.csp2  14458  85.170012 
pr76-7.csp2  53071  5.097659 
kroE100-11.csp2  8450  7.306064 
kroE100-9.csp2  9227  7.849725 
pr76-11.csp2  43066  3.625985 
kroB150-9.csp2  12750  34.192524 
kroD100-7.csp2  10639  14.150278 
kroA150-7.csp2  12601  43.483664 
