st70-9.csp2  259  1.967129 
eil51-7.csp2  179  0.677103 
kroC100-11.csp2  10242  6.112026 
st70-11.csp2  274  1.127323 
eil76-11.csp2  211  1.597983 
kroA100-11.csp2  9150  4.732509 
rd100-11.csp2  3301  4.510122 
st70-7.csp2  304  1.419398 
kroB150-11.csp2  10840  28.730532 
kroA200-7.csp2  14842  165.953916 
rat99-7.csp2  530  8.44879 
rat99-9.csp2  517  6.926227 
kroA200-11.csp2  13079  81.42596 
pr76-9.csp2  47119  2.667434 
kroD100-9.csp2  9286  4.810547 
eil76-7.csp2  273  2.346609 
berlin52-7.csp2  3887  0.6709 
kroB200-11.csp2  13002  73.767828 
eil51-11.csp2  167  0.125286 
eil76-9.csp2  201  1.409699 
kroA100-9.csp2  10289  8.056653 
kroC100-9.csp2  10593  6.998988 
eil51-9.csp2  161  0.397206 
kroA100-7.csp2  10596  12.091335 
kroB200-7.csp2  17659  148.190789 
rat99-11.csp2  454  12.466586 
kroB100-7.csp2  10785  9.838986 
kroA150-11.csp2  10682  24.994153 
kroB150-7.csp2  13504  62.2814 
kroE100-7.csp2  12221  7.994051 
kroA150-9.csp2  12392  35.42463 
kroB100-11.csp2  10052  3.114631 
kroB100-9.csp2  9909  3.642931 
rd100-7.csp2  3602  6.457812 
rd100-9.csp2  3554  4.410587 
kroB200-9.csp2  16903  98.197473 
berlin52-9.csp2  3771  0.626409 
kroC100-7.csp2  9817  9.830906 
kroD100-11.csp2  10011  5.727954 
berlin52-11.csp2  3452  0.699605 
kroA200-9.csp2  14121  92.249352 
pr76-7.csp2  54010  4.520974 
kroE100-11.csp2  8593  6.389406 
kroE100-9.csp2  10259  6.17635 
pr76-11.csp2  45574  2.728431 
kroB150-9.csp2  13571  36.225547 
kroD100-7.csp2  10467  8.963143 
kroA150-7.csp2  14760  53.887569 
